app/build/outputs/logs/manifest-merger-debug-report.txt
-- Merging decision tree log ---
manifest
ADDED from src\main\AndroidManifest.xml:2:1-92:12
INJECTED from src\main\AndroidManifest.xml:2:1-92:12
INJECTED from src\main\AndroidManifest.xml:2:1-92:12
INJECTED from src\main\AndroidManifest.xml:2:1-92:12
MERGED from [:BaseGameUtils] AndroidManifest.xml:17:1-33:12
MERGED from [com.github.QuadFlask:colorpicker:0.0.9] AndroidManifest.xml:2:1-14:12
MERGED from [com.android.support:mediarouter-v7:27.1.0] AndroidManifest.xml:17:1-22:12
MERGED from [com.github.apl-devs:appintro:v4.2.3] AndroidManifest.xml:2:1-13:12
MERGED from [com.rengwuxian.materialedittext:library:2.0.3] AndroidManifest.xml:2:1-10:12
MERGED from [com.afollestad.material-dialogs:commons:0.9.6.0] AndroidManifest.xml:2:1-14:12
MERGED from [com.afollestad.material-dialogs:core:0.9.6.0] AndroidManifest.xml:2:1-15:12
MERGED from [me.zhanghai.android.materialprogressbar:library:1.4.2] AndroidManifest.xml:6:1-16:12
MERGED from [com.android.support:appcompat-v7:27.1.0] AndroidManifest.xml:17:1-22:12
MERGED from [jp.wasabeef:recyclerview-animators:2.3.0] AndroidManifest.xml:2:1-12:12
MERGED from [com.melnykov:floatingactionbutton:1.3.0] AndroidManifest.xml:2:1-14:12
MERGED from [com.android.support:recyclerview-v7:27.1.0] AndroidManifest.xml:17:1-22:12
MERGED from [com.patrickpissurno:ripple-effect:1.3.1] AndroidManifest.xml:2:1-14:12
MERGED from [com.github.johnpersano:supertoasts:1.3.4] AndroidManifest.xml:1:92-7:12
MERGED from [com.github.yukuku:ambilwarna:2.0] AndroidManifest.xml:2:1-12:12
MERGED from [com.github.androidsx:rate-me:v3.0.2] AndroidManifest.xml:2:1-12:12
MERGED from [com.google.android.gms:play-services:6.5.87] AndroidManifest.xml:16:1-26:12
MERGED from [com.android.support:support-v4:27.1.0] AndroidManifest.xml:17:1-22:12
MERGED from [com.android.support:support-media-compat:27.1.0] AndroidManifest.xml:17:1-22:12
MERGED from [com.android.support:palette-v7:27.1.0] AndroidManifest.xml:17:1-22:12
MERGED from [com.android.support:support-fragment:27.1.0] AndroidManifest.xml:17:1-22:12
MERGED from [com.android.support:animated-vector-drawable:27.1.0] AndroidManifest.xml:17:1-22:12
MERGED from [com.android.support:support-core-ui:27.1.0] AndroidManifest.xml:17:1-22:12
MERGED from [com.android.support:support-core-utils:27.1.0] AndroidManifest.xml:17:1-22:12
MERGED from [com.android.support:support-vector-drawable:27.1.0] AndroidManifest.xml:17:1-22:12
MERGED from [com.android.support:support-compat:27.1.0] AndroidManifest.xml:17:1-22:12
MERGED from [android.arch.lifecycle:runtime:1.1.0] AndroidManifest.xml:17:1-22:12
MERGED from [android.arch.lifecycle:livedata-core:1.1.0] AndroidManifest.xml:17:1-22:12
MERGED from [android.arch.core:runtime:1.1.0] AndroidManifest.xml:17:1-22:12
MERGED from [android.arch.lifecycle:viewmodel:1.1.0] AndroidManifest.xml:17:1-22:12
INJECTED from src\main\AndroidManifest.xml:2:1-92:12
INJECTED from src\main\AndroidManifest.xml:2:1-92:12
INJECTED from src\main\AndroidManifest.xml:2:1-92:12
	package
		ADDED from src\main\AndroidManifest.xml:6:5-42
		INJECTED from src\main\AndroidManifest.xml
		INJECTED from src\main\AndroidManifest.xml
	android:versionName
		INJECTED from src\main\AndroidManifest.xml
		ADDED from src\main\AndroidManifest.xml:2:1-92:12
		INJECTED from src\main\AndroidManifest.xml
	xmlns:tools
		ADDED from src\main\AndroidManifest.xml:5:5-51
	android:versionCode
		INJECTED from src\main\AndroidManifest.xml
		ADDED from src\main\AndroidManifest.xml:2:1-92:12
		INJECTED from src\main\AndroidManifest.xml
	xmlns:android
		ADDED from src\main\AndroidManifest.xml:4:5-63
uses-permission#android.permission.INTERNET
ADDED from src\main\AndroidManifest.xml:10:9-71
	android:name
		ADDED from src\main\AndroidManifest.xml:10:26-68
uses-permission#android.permission.ACCESS_NETWORK_STATE
ADDED from src\main\AndroidManifest.xml:11:9-83
	android:name
		ADDED from src\main\AndroidManifest.xml:11:26-80
uses-permission#android.permission.WAKE_LOCK
ADDED from src\main\AndroidManifest.xml:15:9-72
	android:name
		ADDED from src\main\AndroidManifest.xml:15:26-69
uses-permission#android.permission.VIBRATE
ADDED from src\main\AndroidManifest.xml:17:5-65
	android:name
		ADDED from src\main\AndroidManifest.xml:17:22-63
application
ADDED from src\main\AndroidManifest.xml:19:5-90:19
MERGED from [:BaseGameUtils] AndroidManifest.xml:30:5-31:19
MERGED from [:BaseGameUtils] AndroidManifest.xml:30:5-31:19
MERGED from [com.github.QuadFlask:colorpicker:0.0.9] AndroidManifest.xml:12:5-20
MERGED from [com.github.QuadFlask:colorpicker:0.0.9] AndroidManifest.xml:12:5-20
MERGED from [com.github.apl-devs:appintro:v4.2.3] AndroidManifest.xml:11:5-47
MERGED from [com.github.apl-devs:appintro:v4.2.3] AndroidManifest.xml:11:5-47
MERGED from [com.afollestad.material-dialogs:commons:0.9.6.0] AndroidManifest.xml:12:5-20
MERGED from [com.afollestad.material-dialogs:commons:0.9.6.0] AndroidManifest.xml:12:5-20
MERGED from [com.afollestad.material-dialogs:core:0.9.6.0] AndroidManifest.xml:13:5-20
MERGED from [com.afollestad.material-dialogs:core:0.9.6.0] AndroidManifest.xml:13:5-20
MERGED from [com.melnykov:floatingactionbutton:1.3.0] AndroidManifest.xml:12:5-20
MERGED from [com.melnykov:floatingactionbutton:1.3.0] AndroidManifest.xml:12:5-20
MERGED from [com.patrickpissurno:ripple-effect:1.3.1] AndroidManifest.xml:12:5-20
MERGED from [com.patrickpissurno:ripple-effect:1.3.1] AndroidManifest.xml:12:5-20
MERGED from [com.github.johnpersano:supertoasts:1.3.4] AndroidManifest.xml:5:5-19
MERGED from [com.github.johnpersano:supertoasts:1.3.4] AndroidManifest.xml:5:5-19
MERGED from [com.google.android.gms:play-services:6.5.87] AndroidManifest.xml:20:5-24:19
MERGED from [com.google.android.gms:play-services:6.5.87] AndroidManifest.xml:20:5-24:19
	android:supportsRtl
		ADDED from [com.github.apl-devs:appintro:v4.2.3] AndroidManifest.xml:11:18-44
	android:label
		ADDED from src\main\AndroidManifest.xml:23:9-41
	android:allowBackup
		ADDED from [:BaseGameUtils] AndroidManifest.xml:30:18-44
	android:icon
		ADDED from src\main\AndroidManifest.xml:22:9-38
	android:theme
		ADDED from src\main\AndroidManifest.xml:24:9-40
	tools:replace
		ADDED from src\main\AndroidManifest.xml:21:9-51
meta-data#com.google.android.gms.analytics.globalConfigResource
ADDED from src\main\AndroidManifest.xml:28:9-30:63
	android:resource
		ADDED from src\main\AndroidManifest.xml:30:13-60
	android:name
		ADDED from src\main\AndroidManifest.xml:29:13-81
meta-data#com.google.android.gms.version
ADDED from src\main\AndroidManifest.xml:37:13-39:73
MERGED from [com.google.android.gms:play-services:6.5.87] AndroidManifest.xml:21:9-23:69
MERGED from [com.google.android.gms:play-services:6.5.87] AndroidManifest.xml:21:9-23:69
	android:value
		ADDED from src\main\AndroidManifest.xml:39:17-70
	android:name
		ADDED from src\main\AndroidManifest.xml:38:17-62
receiver#com.google.android.gms.analytics.AnalyticsReceiver
ADDED from src\main\AndroidManifest.xml:44:13-49:24
	android:enabled
		ADDED from src\main\AndroidManifest.xml:45:17-39
	android:name
		ADDED from src\main\AndroidManifest.xml:44:23-88
intent-filter#action:name:com.google.android.gms.analytics.ANALYTICS_DISPATCH
ADDED from src\main\AndroidManifest.xml:46:17-48:33
action#com.google.android.gms.analytics.ANALYTICS_DISPATCH
ADDED from src\main\AndroidManifest.xml:47:21-98
	android:name
		ADDED from src\main\AndroidManifest.xml:47:29-95
service#com.google.android.gms.analytics.AnalyticsService
ADDED from src\main\AndroidManifest.xml:51:13-53:43
	android:enabled
		ADDED from src\main\AndroidManifest.xml:52:17-39
	android:exported
		ADDED from src\main\AndroidManifest.xml:53:17-41
	android:name
		ADDED from src\main\AndroidManifest.xml:51:22-86
meta-data#com.google.android.gms.games.APP_ID
ADDED from src\main\AndroidManifest.xml:55:9-57:46
	android:value
		ADDED from src\main\AndroidManifest.xml:57:13-43
	android:name
		ADDED from src\main\AndroidManifest.xml:56:13-63
activity#com.dots.games.pratick.dots.Intro.IntroActivity
ADDED from src\main\AndroidManifest.xml:62:9-70:20
	android:screenOrientation
		ADDED from src\main\AndroidManifest.xml:65:13-49
	android:label
		ADDED from src\main\AndroidManifest.xml:64:13-45
	android:name
		ADDED from src\main\AndroidManifest.xml:63:13-48
intent-filter#action:name:android.intent.action.MAIN+category:name:android.intent.category.LAUNCHER
ADDED from src\main\AndroidManifest.xml:66:13-69:29
action#android.intent.action.MAIN
ADDED from src\main\AndroidManifest.xml:67:17-69
	android:name
		ADDED from src\main\AndroidManifest.xml:67:25-66
category#android.intent.category.LAUNCHER
ADDED from src\main\AndroidManifest.xml:68:17-77
	android:name
		ADDED from src\main\AndroidManifest.xml:68:27-74
activity#com.dots.games.pratick.dots.DotsUI
ADDED from src\main\AndroidManifest.xml:72:9-76:20
	android:screenOrientation
		ADDED from src\main\AndroidManifest.xml:75:13-49
	android:label
		ADDED from src\main\AndroidManifest.xml:74:13-45
	android:name
		ADDED from src\main\AndroidManifest.xml:73:13-35
receiver#com.google.android.gms.analytics.CampaignTrackingReceiver
ADDED from src\main\AndroidManifest.xml:81:13-86:24
	android:exported
		ADDED from src\main\AndroidManifest.xml:82:17-40
	android:name
		ADDED from src\main\AndroidManifest.xml:81:23-95
intent-filter#action:name:com.android.vending.INSTALL_REFERRER
ADDED from src\main\AndroidManifest.xml:83:17-85:33
action#com.android.vending.INSTALL_REFERRER
ADDED from src\main\AndroidManifest.xml:84:21-83
	android:name
		ADDED from src\main\AndroidManifest.xml:84:29-80
service#com.google.android.gms.analytics.CampaignTrackingService
ADDED from src\main\AndroidManifest.xml:87:13-96
	android:name
		ADDED from src\main\AndroidManifest.xml:87:22-93
uses-sdk
INJECTED from src\main\AndroidManifest.xml reason: use-sdk injection requested
INJECTED from src\main\AndroidManifest.xml
INJECTED from src\main\AndroidManifest.xml
MERGED from [:BaseGameUtils] AndroidManifest.xml:22:5-24:41
MERGED from [:BaseGameUtils] AndroidManifest.xml:22:5-24:41
MERGED from [com.github.QuadFlask:colorpicker:0.0.9] AndroidManifest.xml:8:5-10:41
MERGED from [com.github.QuadFlask:colorpicker:0.0.9] AndroidManifest.xml:8:5-10:41
MERGED from [com.android.support:mediarouter-v7:27.1.0] AndroidManifest.xml:20:5-44
MERGED from [com.android.support:mediarouter-v7:27.1.0] AndroidManifest.xml:20:5-44
MERGED from [com.github.apl-devs:appintro:v4.2.3] AndroidManifest.xml:7:5-9:41
MERGED from [com.github.apl-devs:appintro:v4.2.3] AndroidManifest.xml:7:5-9:41
MERGED from [com.rengwuxian.materialedittext:library:2.0.3] AndroidManifest.xml:6:5-8:41
MERGED from [com.rengwuxian.materialedittext:library:2.0.3] AndroidManifest.xml:6:5-8:41
MERGED from [com.afollestad.material-dialogs:commons:0.9.6.0] AndroidManifest.xml:8:5-10:41
MERGED from [com.afollestad.material-dialogs:commons:0.9.6.0] AndroidManifest.xml:8:5-10:41
MERGED from [com.afollestad.material-dialogs:core:0.9.6.0] AndroidManifest.xml:8:5-11:75
MERGED from [com.afollestad.material-dialogs:core:0.9.6.0] AndroidManifest.xml:8:5-11:75
MERGED from [me.zhanghai.android.materialprogressbar:library:1.4.2] AndroidManifest.xml:12:5-14:41
MERGED from [me.zhanghai.android.materialprogressbar:library:1.4.2] AndroidManifest.xml:12:5-14:41
MERGED from [com.android.support:appcompat-v7:27.1.0] AndroidManifest.xml:20:5-44
MERGED from [com.android.support:appcompat-v7:27.1.0] AndroidManifest.xml:20:5-44
MERGED from [jp.wasabeef:recyclerview-animators:2.3.0] AndroidManifest.xml:8:5-10:41
MERGED from [jp.wasabeef:recyclerview-animators:2.3.0] AndroidManifest.xml:8:5-10:41
MERGED from [com.melnykov:floatingactionbutton:1.3.0] AndroidManifest.xml:8:5-10:41
MERGED from [com.melnykov:floatingactionbutton:1.3.0] AndroidManifest.xml:8:5-10:41
MERGED from [com.android.support:recyclerview-v7:27.1.0] AndroidManifest.xml:20:5-44
MERGED from [com.android.support:recyclerview-v7:27.1.0] AndroidManifest.xml:20:5-44
MERGED from [com.patrickpissurno:ripple-effect:1.3.1] AndroidManifest.xml:8:5-10:41
MERGED from [com.patrickpissurno:ripple-effect:1.3.1] AndroidManifest.xml:8:5-10:41
MERGED from [com.github.johnpersano:supertoasts:1.3.4] AndroidManifest.xml:3:5-72
MERGED from [com.github.johnpersano:supertoasts:1.3.4] AndroidManifest.xml:3:5-72
MERGED from [com.github.yukuku:ambilwarna:2.0] AndroidManifest.xml:8:5-10:41
MERGED from [com.github.yukuku:ambilwarna:2.0] AndroidManifest.xml:8:5-10:41
MERGED from [com.github.androidsx:rate-me:v3.0.2] AndroidManifest.xml:8:5-10:41
MERGED from [com.github.androidsx:rate-me:v3.0.2] AndroidManifest.xml:8:5-10:41
MERGED from [com.google.android.gms:play-services:6.5.87] AndroidManifest.xml:18:5-42
MERGED from [com.google.android.gms:play-services:6.5.87] AndroidManifest.xml:18:5-42
MERGED from [com.android.support:support-v4:27.1.0] AndroidManifest.xml:20:5-44
MERGED from [com.android.support:support-v4:27.1.0] AndroidManifest.xml:20:5-44
MERGED from [com.android.support:support-media-compat:27.1.0] AndroidManifest.xml:20:5-44
MERGED from [com.android.support:support-media-compat:27.1.0] AndroidManifest.xml:20:5-44
MERGED from [com.android.support:palette-v7:27.1.0] AndroidManifest.xml:20:5-44
MERGED from [com.android.support:palette-v7:27.1.0] AndroidManifest.xml:20:5-44
MERGED from [com.android.support:support-fragment:27.1.0] AndroidManifest.xml:20:5-44
MERGED from [com.android.support:support-fragment:27.1.0] AndroidManifest.xml:20:5-44
MERGED from [com.android.support:animated-vector-drawable:27.1.0] AndroidManifest.xml:20:5-44
MERGED from [com.android.support:animated-vector-drawable:27.1.0] AndroidManifest.xml:20:5-44
MERGED from [com.android.support:support-core-ui:27.1.0] AndroidManifest.xml:20:5-44
MERGED from [com.android.support:support-core-ui:27.1.0] AndroidManifest.xml:20:5-44
MERGED from [com.android.support:support-core-utils:27.1.0] AndroidManifest.xml:20:5-44
MERGED from [com.android.support:support-core-utils:27.1.0] AndroidManifest.xml:20:5-44
MERGED from [com.android.support:support-vector-drawable:27.1.0] AndroidManifest.xml:20:5-44
MERGED from [com.android.support:support-vector-drawable:27.1.0] AndroidManifest.xml:20:5-44
MERGED from [com.android.support:support-compat:27.1.0] AndroidManifest.xml:20:5-44
MERGED from [com.android.support:support-compat:27.1.0] AndroidManifest.xml:20:5-44
MERGED from [android.arch.lifecycle:runtime:1.1.0] AndroidManifest.xml:20:5-44
MERGED from [android.arch.lifecycle:runtime:1.1.0] AndroidManifest.xml:20:5-44
MERGED from [android.arch.lifecycle:livedata-core:1.1.0] AndroidManifest.xml:20:5-44
MERGED from [android.arch.lifecycle:livedata-core:1.1.0] AndroidManifest.xml:20:5-44
MERGED from [android.arch.core:runtime:1.1.0] AndroidManifest.xml:20:5-44
MERGED from [android.arch.core:runtime:1.1.0] AndroidManifest.xml:20:5-44
MERGED from [android.arch.lifecycle:viewmodel:1.1.0] AndroidManifest.xml:20:5-44
MERGED from [android.arch.lifecycle:viewmodel:1.1.0] AndroidManifest.xml:20:5-44
INJECTED from src\main\AndroidManifest.xml
INJECTED from src\main\AndroidManifest.xml
	tools:overrideLibrary
		ADDED from [com.afollestad.material-dialogs:core:0.9.6.0] AndroidManifest.xml:11:9-72
	android:targetSdkVersion
		INJECTED from src\main\AndroidManifest.xml
		ADDED from src\main\AndroidManifest.xml
		INJECTED from src\main\AndroidManifest.xml
	android:minSdkVersion
		INJECTED from src\main\AndroidManifest.xml
		ADDED from src\main\AndroidManifest.xml
		INJECTED from src\main\AndroidManifest.xml
meta-data#unityplayer.ForwardNativeEventsToDalvik
ADDED from [:BaseGameUtils] AndroidManifest.xml:26:5-28:32
	android:value
		ADDED from [:BaseGameUtils] AndroidManifest.xml:28:9-29
	android:name
		ADDED from [:BaseGameUtils] AndroidManifest.xml:27:9-63